<?xml version="1.0" encoding="windows-1252" standalone="no"?>
<!DOCTYPE log SYSTEM "logger.dtd">
<log>
<record>
  <date>2013-03-23T15:48:50</date>
  <millis>1364062730447</millis>
  <sequence>0</sequence>
  <logger>org.eclipse.jetty.server.Server</logger>
  <level>INFO</level>
  <class>org.eclipse.jetty.util.log.JavaUtilLog</class>
  <method>info</method>
  <thread>1</thread>
  <message>jetty-8.1.9.v20130131</message>
</record>
<record>
  <date>2013-03-23T15:48:50</date>
  <millis>1364062730682</millis>
  <sequence>1</sequence>
  <logger>org.eclipse.jetty.webapp.StandardDescriptorProcessor</logger>
  <level>INFO</level>
  <class>org.eclipse.jetty.util.log.JavaUtilLog</class>
  <method>info</method>
  <thread>1</thread>
  <message>NO JSP Support for /bp-soln, did not find org.apache.jasper.servlet.JspServlet</message>
</record>
<record>
  <date>2013-03-23T15:48:50</date>
  <millis>1364062730716</millis>
  <sequence>2</sequence>
  <logger>org.eclipse.jetty.util.component.AbstractLifeCycle</logger>
  <level>WARNING</level>
  <class>org.eclipse.jetty.util.log.JavaUtilLog</class>
  <method>warn</method>
  <thread>1</thread>
  <message>FAILED org.eclipse.jetty.security.ConstraintSecurityHandler@1d69a562: java.lang.IllegalStateException: No LoginService for org.eclipse.jetty.security.authentication.BasicAuthenticator@546a4fda in org.eclipse.jetty.security.ConstraintSecurityHandler@1d69a562</message>
  <exception>
    <message>java.lang.IllegalStateException: No LoginService for org.eclipse.jetty.security.authentication.BasicAuthenticator@546a4fda in org.eclipse.jetty.security.ConstraintSecurityHandler@1d69a562</message>
    <frame>
      <class>org.eclipse.jetty.security.authentication.LoginAuthenticator</class>
      <method>setConfiguration</method>
      <line>61</line>
    </frame>
    <frame>
      <class>org.eclipse.jetty.security.SecurityHandler</class>
      <method>doStart</method>
      <line>377</line>
    </frame>
    <frame>
      <class>org.eclipse.jetty.security.ConstraintSecurityHandler</class>
      <method>doStart</method>
      <line>452</line>
    </frame>
    <frame>
      <class>org.eclipse.jetty.util.component.AbstractLifeCycle</class>
      <method>start</method>
      <line>64</line>
    </frame>
    <frame>
      <class>org.eclipse.jetty.server.handler.HandlerWrapper</class>
      <method>doStart</method>
      <line>95</line>
    </frame>
    <frame>
      <class>org.eclipse.jetty.server.handler.ScopedHandler</class>
      <method>doStart</method>
      <line>115</line>
    </frame>
    <frame>
      <class>org.eclipse.jetty.server.session.SessionHandler</class>
      <method>doStart</method>
      <line>124</line>
    </frame>
    <frame>
      <class>org.eclipse.jetty.util.component.AbstractLifeCycle</class>
      <method>start</method>
      <line>64</line>
    </frame>
    <frame>
      <class>org.eclipse.jetty.server.handler.HandlerWrapper</class>
      <method>doStart</method>
      <line>95</line>
    </frame>
    <frame>
      <class>org.eclipse.jetty.server.handler.ScopedHandler</class>
      <method>doStart</method>
      <line>115</line>
    </frame>
    <frame>
      <class>org.eclipse.jetty.server.handler.ContextHandler</class>
      <method>startContext</method>
      <line>756</line>
    </frame>
    <frame>
      <class>org.eclipse.jetty.servlet.ServletContextHandler</class>
      <method>startContext</method>
      <line>249</line>
    </frame>
    <frame>
      <class>org.eclipse.jetty.webapp.WebAppContext</class>
      <method>startContext</method>
      <line>1250</line>
    </frame>
    <frame>
      <class>org.eclipse.jetty.server.handler.ContextHandler</class>
      <method>doStart</method>
      <line>710</line>
    </frame>
    <frame>
      <class>org.eclipse.jetty.webapp.WebAppContext</class>
      <method>doStart</method>
      <line>492</line>
    </frame>
    <frame>
      <class>org.eclipse.jetty.util.component.AbstractLifeCycle</class>
      <method>start</method>
      <line>64</line>
    </frame>
    <frame>
      <class>org.eclipse.jetty.server.handler.HandlerWrapper</class>
      <method>doStart</method>
      <line>95</line>
    </frame>
    <frame>
      <class>org.eclipse.jetty.server.Server</class>
      <method>doStart</method>
      <line>280</line>
    </frame>
    <frame>
      <class>org.eclipse.jetty.util.component.AbstractLifeCycle</class>
      <method>start</method>
      <line>64</line>
    </frame>
    <frame>
      <class>SingleWebApp</class>
      <method>main</method>
    </frame>
  </exception>
</record>
<record>
  <date>2013-03-23T15:48:50</date>
  <millis>1364062730720</millis>
  <sequence>3</sequence>
  <logger>org.eclipse.jetty.util.component.AbstractLifeCycle</logger>
  <level>WARNING</level>
  <class>org.eclipse.jetty.util.log.JavaUtilLog</class>
  <method>warn</method>
  <thread>1</thread>
  <message>FAILED org.eclipse.jetty.server.session.SessionHandler@38d00d24: java.lang.IllegalStateException: No LoginService for org.eclipse.jetty.security.authentication.BasicAuthenticator@546a4fda in org.eclipse.jetty.security.ConstraintSecurityHandler@1d69a562</message>
  <exception>
    <message>java.lang.IllegalStateException: No LoginService for org.eclipse.jetty.security.authentication.BasicAuthenticator@546a4fda in org.eclipse.jetty.security.ConstraintSecurityHandler@1d69a562</message>
    <frame>
      <class>org.eclipse.jetty.security.authentication.LoginAuthenticator</class>
      <method>setConfiguration</method>
      <line>61</line>
    </frame>
    <frame>
      <class>org.eclipse.jetty.security.SecurityHandler</class>
      <method>doStart</method>
      <line>377</line>
    </frame>
    <frame>
      <class>org.eclipse.jetty.security.ConstraintSecurityHandler</class>
      <method>doStart</method>
      <line>452</line>
    </frame>
    <frame>
      <class>org.eclipse.jetty.util.component.AbstractLifeCycle</class>
      <method>start</method>
      <line>64</line>
    </frame>
    <frame>
      <class>org.eclipse.jetty.server.handler.HandlerWrapper</class>
      <method>doStart</method>
      <line>95</line>
    </frame>
    <frame>
      <class>org.eclipse.jetty.server.handler.ScopedHandler</class>
      <method>doStart</method>
      <line>115</line>
    </frame>
    <frame>
      <class>org.eclipse.jetty.server.session.SessionHandler</class>
      <method>doStart</method>
      <line>124</line>
    </frame>
    <frame>
      <class>org.eclipse.jetty.util.component.AbstractLifeCycle</class>
      <method>start</method>
      <line>64</line>
    </frame>
    <frame>
      <class>org.eclipse.jetty.server.handler.HandlerWrapper</class>
      <method>doStart</method>
      <line>95</line>
    </frame>
    <frame>
      <class>org.eclipse.jetty.server.handler.ScopedHandler</class>
      <method>doStart</method>
      <line>115</line>
    </frame>
    <frame>
      <class>org.eclipse.jetty.server.handler.ContextHandler</class>
      <method>startContext</method>
      <line>756</line>
    </frame>
    <frame>
      <class>org.eclipse.jetty.servlet.ServletContextHandler</class>
      <method>startContext</method>
      <line>249</line>
    </frame>
    <frame>
      <class>org.eclipse.jetty.webapp.WebAppContext</class>
      <method>startContext</method>
      <line>1250</line>
    </frame>
    <frame>
      <class>org.eclipse.jetty.server.handler.ContextHandler</class>
      <method>doStart</method>
      <line>710</line>
    </frame>
    <frame>
      <class>org.eclipse.jetty.webapp.WebAppContext</class>
      <method>doStart</method>
      <line>492</line>
    </frame>
    <frame>
      <class>org.eclipse.jetty.util.component.AbstractLifeCycle</class>
      <method>start</method>
      <line>64</line>
    </frame>
    <frame>
      <class>org.eclipse.jetty.server.handler.HandlerWrapper</class>
      <method>doStart</method>
      <line>95</line>
    </frame>
    <frame>
      <class>org.eclipse.jetty.server.Server</class>
      <method>doStart</method>
      <line>280</line>
    </frame>
    <frame>
      <class>org.eclipse.jetty.util.component.AbstractLifeCycle</class>
      <method>start</method>
      <line>64</line>
    </frame>
    <frame>
      <class>SingleWebApp</class>
      <method>main</method>
    </frame>
  </exception>
</record>
<record>
  <date>2013-03-23T15:48:50</date>
  <millis>1364062730741</millis>
  <sequence>4</sequence>
  <logger>org.eclipse.jetty.webapp.WebAppContext</logger>
  <level>WARNING</level>
  <class>org.eclipse.jetty.util.log.JavaUtilLog</class>
  <method>warn</method>
  <thread>1</thread>
  <message>Failed startup of context o.e.j.w.WebAppContext{/bp-soln,file:/C:/Users/Matthew/BallinDataRecorder/BallinDataRecorder/bp-soln-war/},bp-soln-war</message>
  <exception>
    <message>java.lang.IllegalStateException: No LoginService for org.eclipse.jetty.security.authentication.BasicAuthenticator@546a4fda in org.eclipse.jetty.security.ConstraintSecurityHandler@1d69a562</message>
    <frame>
      <class>org.eclipse.jetty.security.authentication.LoginAuthenticator</class>
      <method>setConfiguration</method>
      <line>61</line>
    </frame>
    <frame>
      <class>org.eclipse.jetty.security.SecurityHandler</class>
      <method>doStart</method>
      <line>377</line>
    </frame>
    <frame>
      <class>org.eclipse.jetty.security.ConstraintSecurityHandler</class>
      <method>doStart</method>
      <line>452</line>
    </frame>
    <frame>
      <class>org.eclipse.jetty.util.component.AbstractLifeCycle</class>
      <method>start</method>
      <line>64</line>
    </frame>
    <frame>
      <class>org.eclipse.jetty.server.handler.HandlerWrapper</class>
      <method>doStart</method>
      <line>95</line>
    </frame>
    <frame>
      <class>org.eclipse.jetty.server.handler.ScopedHandler</class>
      <method>doStart</method>
      <line>115</line>
    </frame>
    <frame>
      <class>org.eclipse.jetty.server.session.SessionHandler</class>
      <method>doStart</method>
      <line>124</line>
    </frame>
    <frame>
      <class>org.eclipse.jetty.util.component.AbstractLifeCycle</class>
      <method>start</method>
      <line>64</line>
    </frame>
    <frame>
      <class>org.eclipse.jetty.server.handler.HandlerWrapper</class>
      <method>doStart</method>
      <line>95</line>
    </frame>
    <frame>
      <class>org.eclipse.jetty.server.handler.ScopedHandler</class>
      <method>doStart</method>
      <line>115</line>
    </frame>
    <frame>
      <class>org.eclipse.jetty.server.handler.ContextHandler</class>
      <method>startContext</method>
      <line>756</line>
    </frame>
    <frame>
      <class>org.eclipse.jetty.servlet.ServletContextHandler</class>
      <method>startContext</method>
      <line>249</line>
    </frame>
    <frame>
      <class>org.eclipse.jetty.webapp.WebAppContext</class>
      <method>startContext</method>
      <line>1250</line>
    </frame>
    <frame>
      <class>org.eclipse.jetty.server.handler.ContextHandler</class>
      <method>doStart</method>
      <line>710</line>
    </frame>
    <frame>
      <class>org.eclipse.jetty.webapp.WebAppContext</class>
      <method>doStart</method>
      <line>492</line>
    </frame>
    <frame>
      <class>org.eclipse.jetty.util.component.AbstractLifeCycle</class>
      <method>start</method>
      <line>64</line>
    </frame>
    <frame>
      <class>org.eclipse.jetty.server.handler.HandlerWrapper</class>
      <method>doStart</method>
      <line>95</line>
    </frame>
    <frame>
      <class>org.eclipse.jetty.server.Server</class>
      <method>doStart</method>
      <line>280</line>
    </frame>
    <frame>
      <class>org.eclipse.jetty.util.component.AbstractLifeCycle</class>
      <method>start</method>
      <line>64</line>
    </frame>
    <frame>
      <class>SingleWebApp</class>
      <method>main</method>
    </frame>
  </exception>
</record>
<record>
  <date>2013-03-23T15:48:50</date>
  <millis>1364062730820</millis>
  <sequence>5</sequence>
  <logger>org.eclipse.jetty.server.AbstractConnector</logger>
  <level>INFO</level>
  <class>org.eclipse.jetty.util.log.JavaUtilLog</class>
  <method>info</method>
  <thread>1</thread>
  <message>Started SelectChannelConnector@localhost:8000</message>
</record>
