<?xml version="1.0" encoding="windows-1252" standalone="no"?>
<!DOCTYPE log SYSTEM "logger.dtd">
<log>
<record>
  <date>2013-03-23T15:54:39</date>
  <millis>1364063079995</millis>
  <sequence>0</sequence>
  <logger>org.eclipse.jetty.server.Server</logger>
  <level>INFO</level>
  <class>org.eclipse.jetty.util.log.JavaUtilLog</class>
  <method>info</method>
  <thread>1</thread>
  <message>jetty-8.1.9.v20130131</message>
</record>
<record>
  <date>2013-03-23T15:54:40</date>
  <millis>1364063080180</millis>
  <sequence>1</sequence>
  <logger>org.eclipse.jetty.webapp.StandardDescriptorProcessor</logger>
  <level>INFO</level>
  <class>org.eclipse.jetty.util.log.JavaUtilLog</class>
  <method>info</method>
  <thread>1</thread>
  <message>NO JSP Support for /bp, did not find org.apache.jasper.servlet.JspServlet</message>
</record>
<record>
  <date>2013-03-23T15:54:40</date>
  <millis>1364063080313</millis>
  <sequence>2</sequence>
  <logger>org.eclipse.jetty.server.AbstractConnector</logger>
  <level>INFO</level>
  <class>org.eclipse.jetty.util.log.JavaUtilLog</class>
  <method>info</method>
  <thread>1</thread>
  <message>Started SelectChannelConnector@localhost:8000</message>
</record>
